  Backtrack.cpp
  dllmain.cpp
C:\Users\PC\Desktop\Progaming\c++\CheatTest\CheatTest\Math.h(34,35): warning C4244: 'argument': conversion from 'double' to 'float', possible loss of data
C:\Users\PC\Desktop\Progaming\c++\CheatTest\CheatTest\Offsets.h(28,52): warning C4099: 'vec3_t': type name first seen using 'class' now seen using 'struct'
C:\Users\PC\Desktop\Progaming\c++\CheatTest\CheatTest\vector3d.hpp(31): message : see declaration of 'vec3_t'
  Features.cpp
C:\Users\PC\Desktop\Progaming\c++\CheatTest\CheatTest\vector3d.hpp(92,14): warning C4244: 'return': conversion from 'double' to 'float', possible loss of data
C:\Users\PC\Desktop\Progaming\c++\CheatTest\CheatTest\Math.h(34,35): warning C4244: 'argument': conversion from 'double' to 'float', possible loss of data
C:\Users\PC\Desktop\Progaming\c++\CheatTest\CheatTest\Offsets.h(28,52): warning C4099: 'vec3_t': type name first seen using 'class' now seen using 'struct'
C:\Users\PC\Desktop\Progaming\c++\CheatTest\CheatTest\vector3d.hpp(31): message : see declaration of 'vec3_t'
C:\Users\PC\Desktop\Progaming\c++\CheatTest\CheatTest\Features.cpp(29,35): warning C4018: '<': signed/unsigned mismatch
C:\Users\PC\Desktop\Progaming\c++\CheatTest\CheatTest\Features.cpp(211,44): warning C4244: 'argument': conversion from 'const int' to 'float', possible loss of data
C:\Users\PC\Desktop\Progaming\c++\CheatTest\CheatTest\Features.cpp(211,39): warning C4244: 'argument': conversion from 'int' to 'float', possible loss of data
  Hooks.cpp
C:\Users\PC\Desktop\Progaming\c++\CheatTest\CheatTest\Math.h(34,35): warning C4244: 'argument': conversion from 'double' to 'float', possible loss of data
C:\Users\PC\Desktop\Progaming\c++\CheatTest\CheatTest\Offsets.h(28,52): warning C4099: 'vec3_t': type name first seen using 'class' now seen using 'struct'
C:\Users\PC\Desktop\Progaming\c++\CheatTest\CheatTest\vector3d.hpp(31): message : see declaration of 'vec3_t'
C:\Users\PC\Desktop\Progaming\c++\CheatTest\CheatTest\Hooks.cpp(84,43): warning C4244: 'argument': conversion from 'float' to 'const int', possible loss of data
C:\Users\PC\Desktop\Progaming\c++\CheatTest\CheatTest\Hooks.cpp(84,36): warning C4244: 'argument': conversion from 'float' to 'const int', possible loss of data
C:\Users\PC\Desktop\Progaming\c++\CheatTest\CheatTest\Hooks.cpp(84,31): warning C4244: 'argument': conversion from 'float' to 'const int', possible loss of data
C:\Users\PC\Desktop\Progaming\c++\CheatTest\CheatTest\Hooks.cpp(85,42): warning C4244: 'argument': conversion from 'float' to 'const int', possible loss of data
C:\Users\PC\Desktop\Progaming\c++\CheatTest\CheatTest\Hooks.cpp(85,37): warning C4244: 'argument': conversion from 'float' to 'const int', possible loss of data
C:\Users\PC\Desktop\Progaming\c++\CheatTest\CheatTest\Hooks.cpp(85,30): warning C4244: 'argument': conversion from 'float' to 'const int', possible loss of data
C:\Users\PC\Desktop\Progaming\c++\CheatTest\CheatTest\Hooks.cpp(86,46): warning C4244: 'argument': conversion from 'float' to 'const int', possible loss of data
C:\Users\PC\Desktop\Progaming\c++\CheatTest\CheatTest\Hooks.cpp(86,41): warning C4244: 'argument': conversion from 'float' to 'const int', possible loss of data
C:\Users\PC\Desktop\Progaming\c++\CheatTest\CheatTest\Hooks.cpp(86,36): warning C4244: 'argument': conversion from 'float' to 'const int', possible loss of data
C:\Users\PC\Desktop\Progaming\c++\CheatTest\CheatTest\Hooks.cpp(86,31): warning C4244: 'argument': conversion from 'float' to 'const int', possible loss of data
  Interface.cpp
  Menu.cpp
C:\Users\PC\Desktop\Progaming\c++\CheatTest\CheatTest\Math.h(34,35): warning C4244: 'argument': conversion from 'double' to 'float', possible loss of data
C:\Users\PC\Desktop\Progaming\c++\CheatTest\CheatTest\Menu.cpp(29,23): warning C4018: '<': signed/unsigned mismatch
C:\Users\PC\Desktop\Progaming\c++\CheatTest\CheatTest\Menu.cpp(35,50): warning C4244: 'argument': conversion from 'int' to 'float', possible loss of data
C:\Users\PC\Desktop\Progaming\c++\CheatTest\CheatTest\Menu.cpp(35,40): warning C4244: 'argument': conversion from 'int' to 'float', possible loss of data
C:\Users\PC\Desktop\Progaming\c++\CheatTest\CheatTest\Menu.cpp(38,52): warning C4244: 'argument': conversion from 'int' to 'float', possible loss of data
C:\Users\PC\Desktop\Progaming\c++\CheatTest\CheatTest\Menu.cpp(38,42): warning C4244: 'argument': conversion from 'int' to 'float', possible loss of data
C:\Users\PC\Desktop\Progaming\c++\CheatTest\CheatTest\Menu.cpp(42,56): warning C4244: 'argument': conversion from 'int' to 'float', possible loss of data
C:\Users\PC\Desktop\Progaming\c++\CheatTest\CheatTest\Menu.cpp(42,49): warning C4244: 'argument': conversion from 'int' to 'float', possible loss of data
C:\Users\PC\Desktop\Progaming\c++\CheatTest\CheatTest\Menu.cpp(46,55): warning C4244: 'argument': conversion from 'int' to 'float', possible loss of data
C:\Users\PC\Desktop\Progaming\c++\CheatTest\CheatTest\Menu.cpp(46,48): warning C4244: 'argument': conversion from 'int' to 'float', possible loss of data
C:\Users\PC\Desktop\Progaming\c++\CheatTest\CheatTest\Menu.cpp(48,56): warning C4244: 'argument': conversion from 'int' to 'float', possible loss of data
C:\Users\PC\Desktop\Progaming\c++\CheatTest\CheatTest\Menu.cpp(48,49): warning C4244: 'argument': conversion from 'int' to 'float', possible loss of data
  Netvars.cpp
  Rendering.cpp
C:\Users\PC\Desktop\Progaming\c++\CheatTest\CheatTest\Rendering.cpp(20,37): warning C4244: 'argument': conversion from 'float' to 'int', possible loss of data
C:\Users\PC\Desktop\Progaming\c++\CheatTest\CheatTest\Rendering.cpp(20,32): warning C4244: 'argument': conversion from 'float' to 'int', possible loss of data
C:\Users\PC\Desktop\Progaming\c++\CheatTest\CheatTest\Rendering.cpp(20,27): warning C4244: 'argument': conversion from 'float' to 'int', possible loss of data
C:\Users\PC\Desktop\Progaming\c++\CheatTest\CheatTest\Rendering.cpp(20,22): warning C4244: 'argument': conversion from 'float' to 'int', possible loss of data
C:\Users\PC\Desktop\Progaming\c++\CheatTest\CheatTest\Rendering.cpp(22,37): warning C4244: 'argument': conversion from 'float' to 'int', possible loss of data
C:\Users\PC\Desktop\Progaming\c++\CheatTest\CheatTest\Rendering.cpp(22,32): warning C4244: 'argument': conversion from 'float' to 'int', possible loss of data
C:\Users\PC\Desktop\Progaming\c++\CheatTest\CheatTest\Rendering.cpp(22,27): warning C4244: 'argument': conversion from 'float' to 'int', possible loss of data
C:\Users\PC\Desktop\Progaming\c++\CheatTest\CheatTest\Rendering.cpp(22,22): warning C4244: 'argument': conversion from 'float' to 'int', possible loss of data
C:\Users\PC\Desktop\Progaming\c++\CheatTest\CheatTest\Rendering.cpp(24,35): warning C4244: 'argument': conversion from 'float' to 'int', possible loss of data
C:\Users\PC\Desktop\Progaming\c++\CheatTest\CheatTest\Rendering.cpp(24,30): warning C4244: 'argument': conversion from 'float' to 'int', possible loss of data
C:\Users\PC\Desktop\Progaming\c++\CheatTest\CheatTest\Rendering.cpp(24,25): warning C4244: 'argument': conversion from 'float' to 'int', possible loss of data
C:\Users\PC\Desktop\Progaming\c++\CheatTest\CheatTest\Rendering.cpp(24,20): warning C4244: 'argument': conversion from 'float' to 'int', possible loss of data
C:\Users\PC\Desktop\Progaming\c++\CheatTest\CheatTest\Rendering.cpp(26,35): warning C4244: 'argument': conversion from 'float' to 'int', possible loss of data
C:\Users\PC\Desktop\Progaming\c++\CheatTest\CheatTest\Rendering.cpp(26,30): warning C4244: 'argument': conversion from 'float' to 'int', possible loss of data
C:\Users\PC\Desktop\Progaming\c++\CheatTest\CheatTest\Rendering.cpp(26,25): warning C4244: 'argument': conversion from 'float' to 'int', possible loss of data
C:\Users\PC\Desktop\Progaming\c++\CheatTest\CheatTest\Rendering.cpp(26,20): warning C4244: 'argument': conversion from 'float' to 'int', possible loss of data
C:\Users\PC\Desktop\Progaming\c++\CheatTest\CheatTest\Rendering.cpp(29,29): warning C4244: 'argument': conversion from 'float' to 'int', possible loss of data
C:\Users\PC\Desktop\Progaming\c++\CheatTest\CheatTest\Rendering.cpp(29,26): warning C4244: 'argument': conversion from 'float' to 'int', possible loss of data
C:\Users\PC\Desktop\Progaming\c++\CheatTest\CheatTest\Rendering.cpp(29,23): warning C4244: 'argument': conversion from 'float' to 'int', possible loss of data
C:\Users\PC\Desktop\Progaming\c++\CheatTest\CheatTest\Rendering.cpp(29,20): warning C4244: 'argument': conversion from 'float' to 'int', possible loss of data
  vector3d.cpp
C:\Users\PC\Desktop\Progaming\c++\CheatTest\CheatTest\vector3d.hpp(92,14): warning C4244: 'return': conversion from 'double' to 'float', possible loss of data
  ViewMatrix.cpp
C:\Users\PC\Desktop\Progaming\c++\CheatTest\CheatTest\vector3d.hpp(92,14): warning C4244: 'return': conversion from 'double' to 'float', possible loss of data
  Generating code
  Previous IPDB not found, fall back to full compilation.
  All 823 functions were compiled because no usable IPDB/IOBJ from previous compilation was found.
  Finished generating code
detours.lib(detours.obj) : warning LNK4099: PDB 'detours.pdb' was not found with 'detours.lib(detours.obj)' or at 'C:\Users\PC\Desktop\Progaming\c++\CheatTest\Release\detours.pdb'; linking object as if no debug info
detours.lib(disasm.obj) : warning LNK4099: PDB 'detours.pdb' was not found with 'detours.lib(disasm.obj)' or at 'C:\Users\PC\Desktop\Progaming\c++\CheatTest\Release\detours.pdb'; linking object as if no debug info
  CheatTest.vcxproj -> C:\Users\PC\Desktop\Progaming\c++\CheatTest\Release\CheatTest.dll
